[LOG] System::create                           :     Header version = 1.10.08. Current version = 1.10.08.
[LOG] Manager::init                            :     maxchannels = 256 studioflags = 00000006 flags 00000000 extradriverdata 0000000000000000.
[LOG] SystemI::init                            :     Initialize version=11008 (96768), maxchannels=256, flags=0x00020000
[LOG] SystemI::setOutputInternal               :     Setting output to 'FMOD WASAPI Output'
[LOG] OutputWASAPI::init                       :     Mix Format (WAVEFORMATEX): wFormatTag=0xFFFE, nChannels=2, nSamplesPerSec=48000, nAvgBytesPerSec=384000, nBlockAlign=8, wBitsPerSample=32, cbSize=22.
[LOG] OutputWASAPI::init                       :     Mix Format (WAVEFORMATEXTENSIBLE): wValidBitsPerSample=32, dwChannelMask=0x00000003, SubFormat=00000003-0000-0010-8000-00AA00389B71.
[LOG] AsyncThread::threadFunc                  : Finished Asynchronous operation on sound 000000001F640188
[LOG] AsyncThread::threadFunc                  : Starting Asynchronous operation on sound 000000001F6404E8
[LOG] SystemI::createSoundInternal             :     Create name='FmodAssets\Desktop/Master Bank.bank', mode=0x02010082
[LOG] SystemI::createSoundInternal             :     exinfo->cbsize             = 232
[LOG] SystemI::createSoundInternal             :     exinfo->length             = 38191936
[LOG] SystemI::createSoundInternal             :     exinfo->fileoffset         = 334592
[LOG] SystemI::createSoundInternal             :     exinfo->numsubsounds       = 1
[LOG] SystemI::createSoundInternal             :     exinfo->inclusionlist      = 000000005C8F6998
[LOG] SystemI::createSoundInternal             :     exinfo->inclusionlistnum   = 1
[LOG] SystemI::createSoundInternal             :     exinfo->suggestedsoundtype = 5
[LOG] SystemI::createSoundInternal             :     exinfo->initialseekpostype = 1
[LOG] SystemI::createSoundInternal             :     Stream 0/1: name='Beach_section1_guit1', format=2, channels=2, frequency=48000, lengthbytes=280128, lengthpcm=1346664, pcmblocksize=0, loopstart=0, loopend=0, mode=0x00000000, channelmask=0x00000000, channelorder=0, peakvolume=0.053345.
[LOG] AsyncThread::threadFunc                  : Finished Asynchronous operation on sound 000000001F6404E8
[LOG] AsyncThread::threadFunc                  : Starting Asynchronous operation on sound 000000001F640698
[LOG] SystemI::createSoundInternal             :     Create name='FmodAssets\Desktop/Master Bank.bank', mode=0x02010082
[LOG] SystemI::createSoundInternal             :     exinfo->cbsize             = 232
[LOG] SystemI::createSoundInternal             :     exinfo->length             = 38191936
[LOG] SystemI::createSoundInternal             :     exinfo->fileoffset         = 334592
[LOG] SystemI::createSoundInternal             :     exinfo->numsubsounds       = 1
[LOG] SystemI::createSoundInternal             :     exinfo->inclusionlist      = 000000005C8F65A8
[LOG] SystemI::createSoundInternal             :     exinfo->inclusionlistnum   = 1
[LOG] SystemI::createSoundInternal             :     exinfo->suggestedsoundtype = 5
[LOG] SystemI::createSoundInternal             :     exinfo->initialseekposition = 26692
[LOG] SystemI::createSoundInternal             :     exinfo->initialseekpostype = 1
[LOG] SystemI::createSoundInternal             :     Stream 0/1: name='Beach_section5_guit2', format=2, channels=2, frequency=48000, lengthbytes=304128, lengthpcm=1410612, pcmblocksize=0, loopstart=0, loopend=0, mode=0x00000000, channelmask=0x00000000, channelorder=0, peakvolume=0.011200.
[LOG] AsyncThread::threadFunc                  : Finished Asynchronous operation on sound 000000001F640698
[LOG] AsyncThread::threadFunc                  : Starting Asynchronous operation on sound 0000000042AAAD68
[LOG] SystemI::createSoundInternal             :     Create name='FmodAssets\Desktop/Master Bank.bank', mode=0x02010082
[LOG] SystemI::createSoundInternal             :     exinfo->cbsize             = 232
[LOG] SystemI::createSoundInternal             :     exinfo->length             = 38191936
[LOG] SystemI::createSoundInternal             :     exinfo->fileoffset         = 334592
[LOG] SystemI::createSoundInternal             :     exinfo->numsubsounds       = 1
[LOG] SystemI::createSoundInternal             :     exinfo->inclusionlist      = 000000005C8F5498
[LOG] SystemI::createSoundInternal             :     exinfo->inclusionlistnum   = 1
[LOG] SystemI::createSoundInternal             :     exinfo->suggestedsoundtype = 5
[LOG] SystemI::createSoundInternal             :     exinfo->initialseekpostype = 1
[LOG] SystemI::createSoundInternal             :     Stream 0/1: name='Beach_section1_guit2', format=2, channels=2, frequency=48000, lengthbytes=325664, lengthpcm=1410612, pcmblocksize=0, loopstart=0, loopend=0, mode=0x00000000, channelmask=0x00000000, channelorder=0, peakvolume=0.023041.
[LOG] AsyncThread::threadFunc                  : Finished Asynchronous operation on sound 0000000042AAAD68
[LOG] AsyncThread::threadFunc                  : Starting Asynchronous operation on sound 0000000042AAB938
[LOG] SystemI::createSoundInternal             :     Create name='FmodAssets\Desktop/Master Bank.bank', mode=0x02010082
[LOG] SystemI::createSoundInternal             :     exinfo->cbsize             = 232
[LOG] SystemI::createSoundInternal             :     exinfo->length             = 38191936
[LOG] SystemI::createSoundInternal             :     exinfo->fileoffset         = 334592
[LOG] SystemI::createSoundInternal             :     exinfo->numsubsounds       = 1
[LOG] SystemI::createSoundInternal             :     exinfo->inclusionlist      = 000000005C8F7028
[LOG] SystemI::createSoundInternal             :     exinfo->inclusionlistnum   = 1
[LOG] SystemI::createSoundInternal             :     exinfo->suggestedsoundtype = 5
[LOG] SystemI::createSoundInternal             :     exinfo->initialseekpostype = 1
[LOG] SystemI::createSoundInternal             :     Stream 0/1: name='Beach_section1_flute2', format=2, channels=2, frequency=48000, lengthbytes=290080, lengthpcm=1410612, pcmblocksize=0, loopstart=0, loopend=0, mode=0x00000000, channelmask=0x00000000, channelorder=0, peakvolume=0.044128.
[LOG] SoundI::getSubSound                      :     sound 000000001F640188.  Subsound index 0 / 1
[LOG] SoundI::getSubSound                      :     sound 000000001F6404E8.  Subsound index 0 / 1
[LOG] SoundI::getSubSound                      :     sound 000000001F640698.  Subsound index 0 / 1
[LOG] SoundI::getSubSound                      :     sound 0000000042AAAD68.  Subsound index 0 / 1
[LOG] AsyncThread::threadFunc                  : Finished Asynchronous operation on sound 0000000042AAB938
[LOG] SoundI::getSubSound                      : sound 0000000042AAB938.  Subsound index 0 / 1
[LOG] OutputWASAPI::init                       : Output buffer size: 4096 samples, latency: 0.00ms, period: 10.00ms, DSP buffer: 1024 * 4
[LOG] Thread::initThread                       : Init FMOD stream thread. Priority: 2, Stack Size: 65536, Semaphore: No, Sleep Time: 10, Looping: Yes.
[LOG] Thread::initThread                       : Init FMOD mixer thread. Priority: 3, Stack Size: 49152, Semaphore: No, Sleep Time: 0, Looping: Yes.
[LOG] AsyncManager::init                       : manager 0000000043970958 isAsync 0 updatePeriod 0.02
[LOG] AsyncManager::init                       : done
[LOG] PlaybackSystem::init                     : 
[LOG] Thread::initThread                       : Init FMOD Studio sample load thread. Priority: 0, Stack Size: 65536, Semaphore: No, Sleep Time: 1, Looping: No.
[LOG] PlaybackSystem::init                     : done
[LOG] Thread::initThread                       : Init FMOD Studio bank load thread. Priority: 0, Stack Size: 65536, Semaphore: No, Sleep Time: 1, Looping: No.
[LOG] Manager::init                            : done.
[LOG] Manager::readBank                        : fileversion = 100, compatVersion = 99 (oldest = 44, newest = 100)
[LOG] SoundI::release                          : Beach_section5_viola (000000001F63F0A8)
[LOG] SoundI::release                          :     Beach_section5_viola (000000005C9CA1A8)
[LOG] SoundI::release                          :     Beach_section5_viola (0000000042AAA348)
[LOG] SoundI::release                          : Beach_section5_violons (000000001F63F5B8)
[LOG] SoundI::release                          :     Beach_section5_violons (000000005C9CBA08)
[LOG] SoundI::release                          :     Beach_section5_violons (000000001F63F918)
[LOG] SoundI::release                          : Beach_section5_guit1 (000000001F640188)
[LOG] SoundI::release                          :     Beach_section5_guit1 (00000000557C0738)
[LOG] SoundI::release                          :     Beach_section5_guit1 (0000000042C854A8)
[LOG] SoundI::release                          : Beach_section5_guit2 (000000001F640698)
[LOG] SoundI::release                          :     Beach_section5_guit2 (00000000557C10F8)
[LOG] SoundI::release                          :     Beach_section5_guit2 (0000000042C83D08)
[LOG] SoundI::release                          : Beach_section5_cello (000000001F63FAC8)
[LOG] SoundI::release                          :     Beach_section5_cello (000000005C9CB868)
[LOG] SoundI::release                          :     Beach_section5_cello (0000000042AAA198)
[LOG] Manager::readBank                        : fileversion = 100, compatVersion = 99 (oldest = 44, newest = 100)
[LOG] Manager::readBank                        : fileversion = 100, compatVersion = 99 (oldest = 44, newest = 100)
[LOG] Manager::readBank                        : fileversion = 100, compatVersion = 99 (oldest = 44, newest = 100)
[LOG] Manager::readBank                        : fileversion = 100, compatVersion = 99 (oldest = 44, newest = 100)
[LOG] Manager::readBank                        : fileversion = 100, compatVersion = 99 (oldest = 44, newest = 100)
[LOG] SystemI::createSound                     : filename = FmodAssets\Desktop/Master Bank.bank : mode 02010082
[LOG] SystemI::createSound                     : FMOD_NONBLOCKING specified.  Putting into queue to be opened asynchronously!
[LOG] SystemI::createSound                     : setdata soundi = 0000000042C83D08 : node = 000000005C8F6730
[LOG] SystemI::createSound                     : add node to async list : head = 000000005C9CB198.  list count = 0
[LOG] SystemI::createSound                     : filename = FmodAssets\Desktop/Master Bank.bank : mode 02010082
[LOG] AsyncThread::threadFunc                  : Starting Asynchronous operation on sound 0000000042C83D08
[LOG] SystemI::createSound                     : FMOD_NONBLOCKING specified.  Putting into queue to be opened asynchronously!
[LOG] SystemI::createSoundInternal             :     Create name='FmodAssets\Desktop/Master Bank.bank', mode=0x02010082
[LOG] SystemI::createSound                     :     setdata soundi = 0000000042C84C38 : node = 000000005C8F5A10
[LOG] SystemI::createSoundInternal             :     exinfo->cbsize             = 232
[LOG] SystemI::createSound                     :     add node to async list : head = 000000005C9CB198.  list count = 0
[LOG] SystemI::createSoundInternal             :     exinfo->length             = 38191936
[LOG] SystemI::createSoundInternal             :     exinfo->fileoffset         = 334592
[LOG] SystemI::createSound                     :     filename = FmodAssets\Desktop/Master Bank.bank : mode 02010082
[LOG] SystemI::createSoundInternal             :     exinfo->numsubsounds       = 1
[LOG] SystemI::createSound                     :     FMOD_NONBLOCKING specified.  Putting into queue to be opened asynchronously!
[LOG] SystemI::createSoundInternal             :     exinfo->inclusionlist      = 000000005C8F6848
[LOG] SystemI::createSound                     :     setdata soundi = 0000000042C854A8 : node = 000000005C8F5E00
[LOG] SystemI::createSoundInternal             :     exinfo->inclusionlistnum   = 1
[LOG] SystemI::createSound                     :     add node to async list : head = 000000005C9CB198.  list count = 1
[LOG] SystemI::createSoundInternal             :     exinfo->suggestedsoundtype = 5
[LOG] SystemI::createSound                     :     filename = FmodAssets\Desktop/Master Bank.bank : mode 02010082
[LOG] SystemI::createSoundInternal             :     exinfo->initialseekpostype = 1
[LOG] SystemI::createSound                     :     FMOD_NONBLOCKING specified.  Putting into queue to be opened asynchronously!
[LOG] SystemI::createSound                     :     setdata soundi = 000000001F63FAC8 : node = 000000005C8F5F50
[LOG] SystemI::createSound                     :     add node to async list : head = 000000005C9CB198.  list count = 2
[LOG] SystemI::createSound                     :     filename = FmodAssets\Desktop/Master Bank.bank : mode 02010082
[LOG] SystemI::createSound                     :     FMOD_NONBLOCKING specified.  Putting into queue to be opened asynchronously!
[LOG] SystemI::createSound                     :     setdata soundi = 000000001F63F5B8 : node = 000000005C8F71B0
[LOG] SystemI::createSound                     :     add node to async list : head = 000000005C9CB198.  list count = 3
[LOG] SystemI::createSound                     :     filename = FmodAssets\Desktop/Master Bank.bank : mode 02010082
[LOG] SystemI::createSound                     :     FMOD_NONBLOCKING specified.  Putting into queue to be opened asynchronously!
[LOG] SystemI::createSound                     :     setdata soundi = 000000001F640698 : node = 000000005C8F54D0
[LOG] SystemI::createSound                     :     add node to async list : head = 000000005C9CB198.  list count = 4
[LOG] SystemI::createSoundInternal             :     Stream 0/1: name='Beach_section2_guit1', format=2, channels=2, frequency=48000, lengthbytes=423200, lengthpcm=1923448, pcmblocksize=0, loopstart=0, loopend=0, mode=0x00000000, channelmask=0x00000000, channelorder=0, peakvolume=0.130280.
[LOG] SystemI::createSound                     :     filename = FmodAssets\Desktop/Master Bank.bank : mode 02010082
[LOG] SystemI::createSound                     :     FMOD_NONBLOCKING specified.  Putting into queue to be opened asynchronously!
[LOG] SystemI::createSound                     :     setdata soundi = 000000001F63F918 : node = 000000005C8F60A0
[LOG] SystemI::createSound                     :     add node to async list : head = 000000005C9CB198.  list count = 5
[LOG] AsyncThread::threadFunc                  : Finished Asynchronous operation on sound 0000000042C83D08
[LOG] AsyncThread::threadFunc                  : Starting Asynchronous operation on sound 0000000042C84C38
[LOG] SystemI::createSoundInternal             :     Create name='FmodAssets\Desktop/Master Bank.bank', mode=0x02010082
[LOG] SystemI::createSoundInternal             :     exinfo->cbsize             = 232
[LOG] SystemI::createSoundInternal             :     exinfo->length             = 38191936
[LOG] SystemI::createSoundInternal             :     exinfo->fileoffset         = 334592
[LOG] SystemI::createSoundInternal             :     exinfo->numsubsounds       = 1
[LOG] SystemI::createSoundInternal             :     exinfo->inclusionlist      = 000000005C8F5B28
[LOG] SystemI::createSoundInternal             :     exinfo->inclusionlistnum   = 1
[LOG] SystemI::createSoundInternal             :     exinfo->suggestedsoundtype = 5
[LOG] SystemI::createSoundInternal             :     exinfo->initialseekpostype = 1
[LOG] SystemI::createSoundInternal             :     Stream 0/1: name='Beach_section2_flute1', format=2, channels=2, frequency=48000, lengthbytes=410496, lengthpcm=1923448, pcmblocksize=0, loopstart=0, loopend=0, mode=0x00000000, channelmask=0x00000000, channelorder=0, peakvolume=0.015045.
[LOG] AsyncThread::threadFunc                  : Finished Asynchronous operation on sound 0000000042C84C38
[LOG] AsyncThread::threadFunc                  : Starting Asynchronous operation on sound 0000000042C854A8
[LOG] SystemI::createSoundInternal             :     Create name='FmodAssets\Desktop/Master Bank.bank', mode=0x02010082
[LOG] SystemI::createSoundInternal             :     exinfo->cbsize             = 232
[LOG] SystemI::createSoundInternal             :     exinfo->length             = 38191936
[LOG] SystemI::createSoundInternal             :     exinfo->fileoffset         = 334592
[LOG] SystemI::createSoundInternal             :     exinfo->numsubsounds       = 1
[LOG] SystemI::createSoundInternal             :     exinfo->inclusionlist      = 000000005C8F5F18
[LOG] SystemI::createSoundInternal             :     exinfo->inclusionlistnum   = 1
[LOG] SystemI::createSoundInternal             :     exinfo->suggestedsoundtype = 5
[LOG] SystemI::createSoundInternal             :     exinfo->initialseekpostype = 1
[LOG] SystemI::createSoundInternal             :     Stream 0/1: name='Beach_section2_viola', format=2, channels=2, frequency=48000, lengthbytes=451680, lengthpcm=1923448, pcmblocksize=0, loopstart=0, loopend=0, mode=0x00000000, channelmask=0x00000000, channelorder=0, peakvolume=0.023590.
[LOG] SoundI::getSubSound                      :     sound 0000000042C83D08.  Subsound index 0 / 1
[LOG] SoundI::getSubSound                      :     sound 0000000042C84C38.  Subsound index 0 / 1
[LOG] AsyncThread::threadFunc                  : Finished Asynchronous operation on sound 0000000042C854A8
[LOG] AsyncThread::threadFunc                  : Starting Asynchronous operation on sound 000000001F63FAC8
[LOG] SystemI::createSoundInternal             :     Create name='FmodAssets\Desktop/Master Bank.bank', mode=0x02010082
[LOG] SystemI::createSoundInternal             :     exinfo->cbsize             = 232
[LOG] SystemI::createSoundInternal             :     exinfo->length             = 38191936
[LOG] SystemI::createSoundInternal             :     exinfo->fileoffset         = 334592
[LOG] SystemI::createSoundInternal             :     exinfo->numsubsounds       = 1
[LOG] SystemI::createSoundInternal             :     exinfo->inclusionlist      = 000000005C8F6068
[LOG] SystemI::createSoundInternal             :     exinfo->inclusionlistnum   = 1
[LOG] SystemI::createSoundInternal             :     exinfo->suggestedsoundtype = 5
[LOG] SystemI::createSoundInternal             :     exinfo->initialseekpostype = 1
[LOG] SystemI::createSoundInternal             :     Stream 0/1: name='Beach_section2_violons', format=2, channels=2, frequency=48000, lengthbytes=474912, lengthpcm=1923448, pcmblocksize=0, loopstart=0, loopend=0, mode=0x00000000, channelmask=0x00000000, channelorder=0, peakvolume=0.025421.
[LOG] SoundI::getSubSound                      :     sound 0000000042C854A8.  Subsound index 0 / 1
[LOG] AsyncThread::threadFunc                  : Finished Asynchronous operation on sound 000000001F63FAC8
[LOG] AsyncThread::threadFunc                  : Starting Asynchronous operation on sound 000000001F63F5B8
[LOG] SystemI::createSoundInternal             :     Create name='FmodAssets\Desktop/Master Bank.bank', mode=0x02010082
[LOG] SystemI::createSoundInternal             :     exinfo->cbsize             = 232
[LOG] SystemI::createSoundInternal             :     exinfo->length             = 38191936
[LOG] SystemI::createSoundInternal             :     exinfo->fileoffset         = 334592
[LOG] SystemI::createSoundInternal             :     exinfo->numsubsounds       = 1
[LOG] SystemI::createSoundInternal             :     exinfo->inclusionlist      = 000000005C8F72C8
[LOG] SystemI::createSoundInternal             :     exinfo->inclusionlistnum   = 1
[LOG] SystemI::createSoundInternal             :     exinfo->suggestedsoundtype = 5
[LOG] SystemI::createSoundInternal             :     exinfo->initialseekpostype = 1
[LOG] SystemI::createSoundInternal             :     Stream 0/1: name='Beach_section2_cello', format=2, channels=2, frequency=48000, lengthbytes=450208, lengthpcm=1923448, pcmblocksize=0, loopstart=0, loopend=0, mode=0x00000000, channelmask=0x00000000, channelorder=0, peakvolume=0.015991.
[LOG] AsyncThread::threadFunc                  : Finished Asynchronous operation on sound 000000001F63F5B8
[LOG] AsyncThread::threadFunc                  : Starting Asynchronous operation on sound 000000001F640698
[LOG] SystemI::createSoundInternal             :     Create name='FmodAssets\Desktop/Master Bank.bank', mode=0x02010082
[LOG] SystemI::createSoundInternal             :     exinfo->cbsize             = 232
[LOG] SystemI::createSoundInternal             :     exinfo->length             = 38191936
[LOG] SystemI::createSoundInternal             :     exinfo->fileoffset         = 334592
[LOG] SystemI::createSoundInternal             :     exinfo->numsubsounds       = 1
[LOG] SystemI::createSoundInternal             :     exinfo->inclusionlist      = 000000005C8F55E8
[LOG] SystemI::createSoundInternal             :     exinfo->inclusionlistnum   = 1
[LOG] SystemI::createSoundInternal             :     exinfo->suggestedsoundtype = 5
[LOG] SystemI::createSoundInternal             :     exinfo->initialseekpostype = 1
[LOG] SystemI::createSoundInternal             :     Stream 0/1: name='Beach_section2_flute2', format=2, channels=2, frequency=48000, lengthbytes=398336, lengthpcm=1795552, pcmblocksize=0, loopstart=0, loopend=0, mode=0x00000000, channelmask=0x00000000, channelorder=0, peakvolume=0.030853.
[LOG] AsyncThread::threadFunc                  : Finished Asynchronous operation on sound 000000001F640698
[LOG] AsyncThread::threadFunc                  : Starting Asynchronous operation on sound 000000001F63F918
[LOG] SystemI::createSoundInternal             :     Create name='FmodAssets\Desktop/Master Bank.bank', mode=0x02010082
[LOG] SystemI::createSoundInternal             :     exinfo->cbsize             = 232
[LOG] SystemI::createSoundInternal             :     exinfo->length             = 38191936
[LOG] SystemI::createSoundInternal             :     exinfo->fileoffset         = 334592
[LOG] SystemI::createSoundInternal             :     exinfo->numsubsounds       = 1
[LOG] SystemI::createSoundInternal             :     exinfo->inclusionlist      = 000000005C8F61B8
[LOG] SystemI::createSoundInternal             :     exinfo->inclusionlistnum   = 1
[LOG] SystemI::createSoundInternal             :     exinfo->suggestedsoundtype = 5
[LOG] SystemI::createSoundInternal             :     exinfo->initialseekpostype = 1
[LOG] SystemI::createSoundInternal             :     Stream 0/1: name='Beach_section2_guit2', format=2, channels=2, frequency=48000, lengthbytes=333952, lengthpcm=1923448, pcmblocksize=0, loopstart=0, loopend=0, mode=0x00000000, channelmask=0x00000000, channelorder=0, peakvolume=0.024475.
[LOG] AsyncThread::threadFunc                  : Finished Asynchronous operation on sound 000000001F63F918
[LOG] SoundI::getSubSound                      : sound 000000001F63FAC8.  Subsound index 0 / 1
[LOG] SoundI::getSubSound                      : sound 000000001F63F5B8.  Subsound index 0 / 1
[LOG] SoundI::getSubSound                      : sound 000000001F640698.  Subsound index 0 / 1
[LOG] SoundI::getSubSound                      : sound 000000001F63F918.  Subsound index 0 / 1
[LOG] SoundI::release                          : Beach_section1_flute2 (0000000042AAB938)
[LOG] SoundI::release                          :     Beach_section1_flute2 (00000000557C1298)
[LOG] SoundI::release                          :     Beach_section1_flute2 (0000000042C83EB8)
[LOG] SoundI::release                          : Beach_section1_guit2 (0000000042AAAD68)
[LOG] SoundI::release                          :     Beach_section1_guit2 (00000000557C0F58)
[LOG] SoundI::release                          :     Beach_section1_guit2 (0000000042C84A88)
[LOG] SoundI::release                          : Beach_section1_guit1 (000000001F6404E8)
[LOG] SoundI::release                          :     Beach_section1_guit1 (00000000557C1C58)
[LOG] SoundI::release                          :     Beach_section1_guit1 (0000000042C83B58)
[LOG] SoundI::release                          : Beach_section1_viola (000000001F6409F8)
[LOG] SoundI::release                          :     Beach_section1_viola (000000005C9CB6C8)
[LOG] SoundI::release                          :     Beach_section1_viola (0000000042AAB278)
[LOG] SoundI::release                          : Beach_section1_flute1 (000000001F63F768)
[LOG] SoundI::release                          :     Beach_section1_flute1 (000000005C9CA828)
[LOG] SoundI::release                          :     Beach_section1_flute1 (0000000042AA9FE8)
[LOG] SoundI::release                          : Beach_section1_violons (000000001F63F408)
[LOG] SoundI::release                          :     Beach_section1_violons (000000005C9CA688)
[LOG] SoundI::release                          :     Beach_section1_violons (0000000042AAB0C8)
[LOG] SoundI::release                          : Beach_section1_cello (000000001F63F258)
[LOG] SoundI::release                          :     Beach_section1_cello (000000005C9CA348)
[LOG] SoundI::release                          :     Beach_section1_cello (0000000042AAAF18)
[LOG] Manager::readBank                        : fileversion = 100, compatVersion = 99 (oldest = 44, newest = 100)
[LOG] SoundI::release                          :  (0000000056520DA8)
[LOG] SoundI::release                          :     fruitBasket_click_1 (000000005C9CFF08)
[LOG] SoundI::release                          :  (000000005CA73E68)
[LOG] SoundI::release                          :     fruitBasket_click_3_long - Trimmed (2) (000000005C9CC228)
[LOG] SoundI::release                          :  (000000005CA73008)
[LOG] SoundI::release                          :     fruitBasket_click_3_long - Trimmed (3) (000000005C9C9E68)
[LOG] SoundI::release                          :  (0000000056520958)
[LOG] SoundI::release                          :     fruitBasket_click_3_long - Trimmed (4) (000000005C9CE368)
[LOG] SoundI::release                          :  (0000000056520508)
[LOG] SoundI::release                          :     fruitBasket_click_3_long - Trimmed (000000005C9D03E8)
[LOG] SoundI::release                          :  (00000000565207E8)
[LOG] SoundI::release                          :     FOT_SFX_fruits (000000005C9CCFE8)
[LOG] SoundI::release                          :  (000000005CA73FD8)
[LOG] SoundI::release                          :     item_drop_wood_multiples - Trimmed (2) (000000005C9CC3C8)
[LOG] SoundI::release                          :  (000000005CA73CF8)
[LOG] SoundI::release                          :     item_drop_wood_multiples - Trimmed (3) (000000005C9CAEA8)
[LOG] SoundI::release                          :  (00000000565211F8)
[LOG] SoundI::release                          :     item_drop_wood_multiples - Trimmed (4) (000000005C9CEB88)
[LOG] SoundI::release                          :  (000000005CA72E98)
[LOG] SoundI::release                          :     item_drop_wood_multiples - Trimmed (5) (000000005C9C9CC8)
[LOG] SoundI::release                          :  (000000005CA72D28)
[LOG] SoundI::release                          :     item_drop_wood_multiples - Trimmed (000000005C9C9648)
[LOG] SoundI::release                          :  (0000000056522058)
[LOG] SoundI::release                          :     scale_arrow_wiggle_1 (000000005C9CF6E8)
[LOG] SoundI::release                          :  (000000005CA72488)
[LOG] SoundI::release                          :     scale_arrow_wiggle_4 (000000005C9C97E8)
[LOG] SoundI::release                          :  (000000005CA72A48)
[LOG] SoundI::release                          :     scale_arrow_wiggle_3 (000000005C9C8E28)
[LOG] SoundI::release                          :  (000000005CA725F8)
[LOG] SoundI::release                          :     scale_arrow_wiggle_2 (000000005C9CAB68)
[LOG] SoundI::release                          :  (000000005610CBA8)
[LOG] SoundI::release                          :     FOT_SFX_chimy_random (000000005C9CF548)
[LOG] SoundI::release                          :  (0000000056521928)
[LOG] SoundI::release                          :     FOT_SFX_Oeuf_01 (000000005C9CE9E8)
[LOG] SoundI::release                          :  (000000005610D168)
[LOG] SoundI::release                          :     item_drop_metal_multiples - Trimmed (2) (000000005C9CAD08)
[LOG] SoundI::release                          :  (000000000EF54E68)
[LOG] SoundI::release                          :     item_drop_metal_multiples - Trimmed (3) (00000000557C1918)
[LOG] SoundI::release                          :  (000000005CA73738)
[LOG] SoundI::release                          :     item_drop_metal_multiples - Trimmed (4) (000000005C9CBD48)
[LOG] SoundI::release                          :  (0000000056520AC8)
[LOG] SoundI::release                          :     item_drop_metal_multiples - Trimmed (5) (000000005C9D0588)
[LOG] SoundI::release                          :  (0000000056520C38)
[LOG] SoundI::release                          :     item_drop_metal_multiples - Trimmed (000000005C9CF3A8)
[LOG] SoundI::release                          :  (0000000056520398)
[LOG] SoundI::release                          :     divers_squish_3-001 (000000005C9CC968)
[LOG] SoundI::release                          :  (00000000565221C8)
[LOG] SoundI::release                          :     divers_squish_3 (000000005C9CFA28)
[LOG] SoundI::release                          :  (000000005610CD18)
[LOG] SoundI::release                          :     divers_squish_4 (000000005C9CF068)
[LOG] SoundI::release                          :  (000000000EF542E8)
[LOG] SoundI::release                          :     divers_squish_5 (00000000557C15D8)
[LOG] SoundI::release                          :  (0000000056520678)
[LOG] SoundI::release                          :     FOT_SFX_Map (000000005C9CF208)
[LOG] SoundI::release                          :  (000000005610C8C8)
[LOG] SoundI::release                          :     FOT_SFX_Chimes1 (000000005C9CDE88)
[LOG] SoundI::release                          :  (000000005610C198)
[LOG] SoundI::release                          :     scale_plate_creak_1 (000000005C9CDCE8)
[LOG] SoundI::release                          :  (000000005610CA38)
[LOG] SoundI::release                          :     scale_plate_creak_3 (000000005C9CD328)
[LOG] SoundI::release                          :  (000000005610B338)
[LOG] SoundI::release                          :     scale_plate_creak_2 (000000005C9CE508)
[LOG] SoundI::release                          :  (00000000565217B8)
[LOG] SoundI::release                          :     FOT_SFX_Oeuf_01 - Trimmed (2) (000000005C9D0728)
[LOG] SoundI::release                          :  (0000000056521D78)
[LOG] SoundI::release                          :     FOT_SFX_Oeuf_01 - Trimmed (0000000043947F88)
[LOG] SoundI::release                          :  (0000000056521A98)
[LOG] SoundI::release                          :     FOT_SFX_UI_MenuOeufs (000000005C9CFD68)
[LOG] SoundI::release                          :  (000000005CA732E8)
[LOG] SoundI::release                          :     tile_rotate_1 - Trimmed (000000005C9CA9C8)
[LOG] SoundI::release                          :  (000000005CA72BB8)
[LOG] SoundI::release                          :     tile_rotate_2 - Trimmed (000000005C9C8AE8)
[LOG] SoundI::release                          :  (000000005CA74148)
[LOG] SoundI::release                          :     tile_rotate_3 - Trimmed (000000005C9CB388)
[LOG] SoundI::release                          :  (000000005CA72768)
[LOG] SoundI::release                          :     tile_rotate_4 - Trimmed (000000005C9CA008)
[LOG] SoundI::release                          :  (000000005CA73B88)
[LOG] SoundI::release                          :     tile_rotate_5 - Trimmed (000000005C9C8948)
[LOG] SoundI::release                          :  (000000005610CFF8)
[LOG] SoundI::release                          :     crate_slide_multiple - Trimmed (2) (000000005C9CCB08)
[LOG] SoundI::release                          :  (000000005610BEB8)
[LOG] SoundI::release                          :     crate_slide_multiple - Trimmed (000000005C9CD668)
[LOG] SoundI::release                          :  (000000005CA73458)
[LOG] SoundI::release                          :     Park_section2_glock - Trimmed (000000005C9C8FC8)
[LOG] SoundI::release                          :  (000000005610C028)
[LOG] SoundI::release                          :     Park_section2_glock - Trimmed (2) (000000005C9CD808)
[LOG] SoundI::release                          :  (000000005610CE88)
[LOG] SoundI::release                          :     divers_squish_2 (000000005C9CC708)
[LOG] SoundI::release                          :  (000000005610C308)
[LOG] SoundI::release                          :     169549__jorickhoofd__gravel-impact-3 (1) (000000005C9CEEC8)
[LOG] SoundI::release                          :  (0000000056521C08)
[LOG] SoundI::release                          :     Beach_section1_viola - Trimmed (2) (000000005C9CE028)
[LOG] SoundI::release                          :  (000000000EF55148)
[LOG] SoundI::release                          :     Beach_section1_viola - Trimmed (0000000043949308)
[LOG] SoundI::release                          :  (000000005610B788)
[LOG] SoundI::release                          :     Beach_section1_viola - Trimmed (5) (000000005C9CF888)
[LOG] SoundI::release                          :  (000000005610BD48)
[LOG] SoundI::release                          :     Beach_section1_viola - Trimmed (4) (000000005C9CED28)
[LOG] SoundI::release                          :  (0000000056520F18)
[LOG] SoundI::release                          :     Beach_section1_viola - Trimmed (3) (000000005C9CCE48)
[LOG] SoundI::release                          :  (000000005610BBD8)
[LOG] SoundI::release                          :     Intro_orchestral_violins - Trimmed (2) (000000005C9CC568)
[LOG] SoundI::release                          :  (0000000056521648)
[LOG] SoundI::release                          :     Intro_orchestral_violins - Trimmed (3) (000000005C9CD9A8)
[LOG] SoundI::release                          :  (000000005610BA68)
[LOG] SoundI::release                          :     Intro_orchestral_cellos - Trimmed (3) (000000005C9C9988)
[LOG] SoundI::release                          :  (000000005CA738A8)
[LOG] SoundI::release                          :     Intro_orchestral_cellos - Trimmed (000000005C9CBBA8)
[LOG] SoundI::release                          :  (0000000056521088)
[LOG] SoundI::release                          :     Intro_orchestral_violas - Trimmed (2) (000000005C9D00A8)
[LOG] SoundI::release                          :  (000000005610B618)
[LOG] SoundI::release                          :     Beach_section1_violons - Trimmed (2) (000000005C9CE1C8)
[LOG] SoundI::release                          :  (000000000EF54FD8)
[LOG] SoundI::release                          :     Beach_section1_violons - Trimmed (00000000557C08D8)
[LOG] SoundI::release                          :  (000000005610B8F8)
[LOG] SoundI::release                          :     Beach_section1_violons - Trimmed (4) (000000005C9CD4C8)
[LOG] SoundI::release                          :  (000000000EF54458)
[LOG] SoundI::release                          :     Beach_section1_violons - Trimmed (3) (00000000557C03F8)
[LOG] SoundI::release                          :  (000000005CA72318)
[LOG] SoundI::release                          :     59285__transitking__needledrop01 (000000005C9C9B28)
[LOG] SoundI::release                          :  (000000005610C5E8)
[LOG] SoundI::release                          :     divers_squish_1 (000000005C9CFBC8)
[LOG] SoundI::release                          :  (0000000056521EE8)
[LOG] SoundI::release                          :     270843__arnaud-coutancier__hen - Trimmed - Trimmed (2) - Trimmed (000000005C9CE848)
[LOG] SoundI::release                          :  (0000000056521368)
[LOG] SoundI::release                          :     270843__arnaud-coutancier__hen - Trimmed - Trimmed (3) - Trimmed (000000005C9D0248)
[LOG] SoundI::release                          :  (000000005CA728D8)
[LOG] SoundI::release                          :     270843__arnaud-coutancier__hen - Trimmed - Trimmed (2) (000000005C9CC088)
[LOG] SoundI::release                          :  (000000005CA73A18)
[LOG] SoundI::release                          :     FOT_SFX_UI_button (000000005C9C8C88)
[LOG] SoundI::release                          :  (000000005610C758)
[LOG] SoundI::release                          :     FOT_SFX_Chimy2 (000000005C9CDB48)
[LOG] SoundI::release                          :  (000000005CA735C8)
[LOG] SoundI::release                          :     FOT_SFX_goose1 (000000005C9C9168)
[LOG] SoundI::release                          :  (000000005610C478)
[LOG] SoundI::release                          :     FOT_SFX_goose2 (000000005C9CD188)
[LOG] SoundI::release                          :  (000000005610B4A8)
[LOG] SoundI::release                          :     FOT_SFX_goose3 (000000005C9CCCA8)
[LOG] SoundI::release                          :  (000000005CA73178)
[LOG] SoundI::release                          :     item_pickup_1 (000000005C9C94A8)
[LOG] SoundI::release                          :  (00000000565214D8)
[LOG] SoundI::release                          :     item_pickup_3 (000000005C9CE6A8)
[LOG] SoundI::release                          :  (000000005C8BFD88)
[LOG] SoundI::release                          :     item_pickup_2 (000000005C9CA4E8)
[LOG] SoundI::release                          : Beach_section2_guit2 (000000001F63F918)
[LOG] SoundI::release                          :     Beach_section2_guit2 (00000000439494A8)
[LOG] SoundI::release                          :     Beach_section2_guit2 (000000000B420768)
[LOG] SoundI::release                          : Beach_section2_flute2 (000000001F640698)
[LOG] SoundI::release                          :     Beach_section2_flute2 (000000005C9CBA08)
[LOG] SoundI::release                          :     Beach_section2_flute2 (000000000B420258)
[LOG] SoundI::release                          : Beach_section2_cello (000000001F63F5B8)
[LOG] SoundI::release                          :     Beach_section2_cello (000000005C9CB868)
[LOG] SoundI::release                          :     Beach_section2_cello (000000000B420C78)
[LOG] SoundI::release                          : Beach_section2_violons (000000001F63FAC8)
[LOG] SoundI::release                          :     Beach_section2_violons (000000005C9CA1A8)
[LOG] SoundI::release                          :     Beach_section2_violons (000000000B41FEF8)
[LOG] SoundI::release                          : Beach_section2_viola (0000000042C854A8)
[LOG] SoundI::release                          :     Beach_section2_viola (0000000055B493C8)
[LOG] SoundI::release                          :     Beach_section2_viola (000000000B4205B8)
[LOG] SoundI::release                          : Beach_section2_flute1 (0000000042C84C38)
[LOG] SoundI::release                          :     Beach_section2_flute1 (0000000055B49088)
[LOG] SoundI::release                          :     Beach_section2_flute1 (000000001F640188)
[LOG] SoundI::release                          : Beach_section2_guit1 (0000000042C83D08)
[LOG] SoundI::release                          :     Beach_section2_guit1 (0000000055B48EE8)
[LOG] SoundI::release                          :     Beach_section2_guit1 (000000001F63F0A8)
[LOG] Thread::callback                         : FMOD Studio update thread finished.
[LOG] Thread::callback                         : FMOD Studio bank load thread finished.
[LOG] Thread::callback                         : FMOD Studio sample load thread finished.
[LOG] LiveUpdate::release                      : 
[LOG] LiveUpdate::reset                        : Reset connection (reason Disconnected)
[LOG] Thread::callback                         : FMOD stream thread finished.
[LOG] Thread::callback                         : FMOD mixer thread finished.
[LOG] SystemI::close                           : Closed.
[LOG] Manager::readBank                        : fileversion = 100, compatVersion = 99 (oldest = 44, newest = 100)
[LOG] Manager::readBank                        : fileversion = 100, compatVersion = 99 (oldest = 44, newest = 100)
[LOG] Manager::readBank                        : fileversion = 100, compatVersion = 99 (oldest = 44, newest = 100)
[LOG] Manager::readBank                        : fileversion = 100, compatVersion = 99 (oldest = 44, newest = 100)
[LOG] Manager::readBank                        : fileversion = 100, compatVersion = 99 (oldest = 44, newest = 100)
[LOG] Manager::readBank                        : fileversion = 100, compatVersion = 99 (oldest = 44, newest = 100)
[LOG] PlaybackSystem::acquireMasterBus         : Setting master channel group format to 3
[LOG] Thread::callback                         : FMOD Studio bank load thread finished.
[LOG] Thread::callback                         : FMOD Studio sample load thread finished.
[LOG] LiveUpdate::release                      : 
[LOG] LiveUpdate::reset                        : Reset connection (reason Disconnected)
[LOG] Thread::callback                         : FMOD stream thread finished.
[LOG] Thread::callback                         : FMOD mixer thread finished.
[LOG] Thread::callback                         : FMOD nonblocking thread (0) finished.
[LOG] Thread::callback                         : FMOD file thread finished.
[LOG] SystemI::close                           : Closed.
