Using pre-set license
Built from '2021.2/staging' branch; Version is '2021.2.5f1 (4ec9a5e799f5) revision 5163429'; Using compiler version '192829333'; Build Type 'Release'
OS: 'Windows 10  (10.0.19045) 64bit Core' Language: 'en' Physical Memory: 16271 MB
BatchMode: 1, IsHumanControllingUs: 0, StartBugReporterOnCrash: 0, Is64bit: 1, IsPro: 0

COMMAND LINE ARGUMENTS:
C:\Program Files\Unity\Hub\Editor\2021.2.5f1\Editor\Unity.exe
-adb2
-batchMode
-noUpm
-name
AssetImportWorker3
-projectPath
D:/_GameProjects/Hidden-Eggs-Game
-logFile
Logs/AssetImportWorker3.log
-srvPort
55263
Successfully changed project path to: D:/_GameProjects/Hidden-Eggs-Game
D:/_GameProjects/Hidden-Eggs-Game
[UnityMemory] Configuration Parameters - Can be set up in boot.config
    "memorysetup-bucket-allocator-granularity=16"
    "memorysetup-bucket-allocator-bucket-count=8"
    "memorysetup-bucket-allocator-block-size=33554432"
    "memorysetup-bucket-allocator-block-count=8"
    "memorysetup-main-allocator-block-size=16777216"
    "memorysetup-thread-allocator-block-size=16777216"
    "memorysetup-gfx-main-allocator-block-size=16777216"
    "memorysetup-gfx-thread-allocator-block-size=16777216"
    "memorysetup-cache-allocator-block-size=4194304"
    "memorysetup-typetree-allocator-block-size=2097152"
    "memorysetup-profiler-bucket-allocator-granularity=16"
    "memorysetup-profiler-bucket-allocator-bucket-count=8"
    "memorysetup-profiler-bucket-allocator-block-size=33554432"
    "memorysetup-profiler-bucket-allocator-block-count=8"
    "memorysetup-profiler-allocator-block-size=16777216"
    "memorysetup-profiler-editor-allocator-block-size=1048576"
    "memorysetup-temp-allocator-size-main=16777216"
    "memorysetup-job-temp-allocator-block-size=2097152"
    "memorysetup-job-temp-allocator-block-size-background=1048576"
    "memorysetup-job-temp-allocator-reduction-small-platforms=262144"
    "memorysetup-temp-allocator-size-background-worker=32768"
    "memorysetup-temp-allocator-size-job-worker=262144"
    "memorysetup-temp-allocator-size-preload-manager=33554432"
    "memorysetup-temp-allocator-size-nav-mesh-worker=65536"
    "memorysetup-temp-allocator-size-audio-worker=65536"
    "memorysetup-temp-allocator-size-cloud-worker=32768"
    "memorysetup-temp-allocator-size-gi-baking-worker=262144"
    "memorysetup-temp-allocator-size-gfx=262144"
Refreshing native plugins compatible for Editor in 83.26 ms, found 4 plugins.
Preloading 0 native plugins for Editor in 0.00 ms.
Initialize engine version: 2021.2.5f1 (4ec9a5e799f5)
[Subsystems] Discovering subsystems at path C:/Program Files/Unity/Hub/Editor/2021.2.5f1/Editor/Data/Resources/UnitySubsystems
[Subsystems] Discovering subsystems at path D:/_GameProjects/Hidden-Eggs-Game/Assets
GfxDevice: creating device client; threaded=0; jobified=0
Direct3D:
    Version:  Direct3D 11.0 [level 11.1]
    Renderer: NVIDIA GeForce GTX 1060 (ID=0x1c20)
    Vendor:   NVIDIA
    VRAM:     6043 MB
    Driver:   31.0.15.3118
Initialize mono
Mono path[0] = 'C:/Program Files/Unity/Hub/Editor/2021.2.5f1/Editor/Data/Managed'
Mono path[1] = 'C:/Program Files/Unity/Hub/Editor/2021.2.5f1/Editor/Data/MonoBleedingEdge/lib/mono/unityjit-win32'
Mono config path = 'C:/Program Files/Unity/Hub/Editor/2021.2.5f1/Editor/Data/MonoBleedingEdge/etc'
Using monoOptions --debugger-agent=transport=dt_socket,embedding=1,server=y,suspend=n,address=127.0.0.1:56112
Begin MonoManager ReloadAssembly
Registering precompiled unity dll's ...
Register platform support module: C:/Program Files/Unity/Hub/Editor/2021.2.5f1/Editor/Data/PlaybackEngines/MacStandaloneSupport/UnityEditor.OSXStandalone.Extensions.dll
Register platform support module: C:/Program Files/Unity/Hub/Editor/2021.2.5f1/Editor/Data/PlaybackEngines/WindowsStandaloneSupport/UnityEditor.WindowsStandalone.Extensions.dll
Registered in 0.017596 seconds.
Native extension for WindowsStandalone target not found
Native extension for OSXStandalone target not found
Refreshing native plugins compatible for Editor in 90.55 ms, found 4 plugins.
Preloading 0 native plugins for Editor in 0.00 ms.
Mono: successfully reloaded assembly
- Completed reload, in  1.695 seconds
Domain Reload Profiling:
	ReloadAssembly (1696ms)
		BeginReloadAssembly (161ms)
			ExecutionOrderSort (0ms)
			DisableScriptedObjects (0ms)
			BackupInstance (0ms)
			ReleaseScriptingObjects (0ms)
			CreateAndSetChildDomain (2ms)
		EndReloadAssembly (1135ms)
			LoadAssemblies (154ms)
			RebuildTransferFunctionScriptingTraits (0ms)
			SetupTypeCache (450ms)
			ReleaseScriptCaches (0ms)
			RebuildScriptCaches (70ms)
			SetupLoadedEditorAssemblies (510ms)
				LogAssemblyErrors (0ms)
				InitializePlatformSupportModulesInManaged (39ms)
				SetLoadedEditorAssemblies (1ms)
				RefreshPlugins (91ms)
				BeforeProcessingInitializeOnLoad (2ms)
				ProcessInitializeOnLoadAttributes (295ms)
				ProcessInitializeOnLoadMethodAttributes (82ms)
				AfterProcessingInitializeOnLoad (0ms)
				EditorAssembliesLoaded (0ms)
			ExecutionOrderSort2 (0ms)
			AwakeInstancesAfterBackupRestoration (0ms)
Platform modules already initialized, skipping
Registering precompiled user dll's ...
Registered in 0.009875 seconds.
Begin MonoManager ReloadAssembly
OnLevelWasLoaded was found on GlobalVariables
This message has been deprecated and will be removed in a later version of Unity.
Add a delegate to SceneManager.sceneLoaded instead to get notifications after scene loading has completed
Native extension for WindowsStandalone target not found
Native extension for OSXStandalone target not found
Refreshing native plugins compatible for Editor in 1.05 ms, found 4 plugins.
Preloading 0 native plugins for Editor in 0.00 ms.
Package Manager log level set to [2]
Mono: successfully reloaded assembly
- Completed reload, in  1.473 seconds
Domain Reload Profiling:
	ReloadAssembly (1474ms)
		BeginReloadAssembly (210ms)
			ExecutionOrderSort (0ms)
			DisableScriptedObjects (9ms)
			BackupInstance (0ms)
			ReleaseScriptingObjects (0ms)
			CreateAndSetChildDomain (23ms)
		EndReloadAssembly (1144ms)
			LoadAssemblies (93ms)
			RebuildTransferFunctionScriptingTraits (0ms)
			SetupTypeCache (227ms)
			ReleaseScriptCaches (1ms)
			RebuildScriptCaches (68ms)
			SetupLoadedEditorAssemblies (623ms)
				LogAssemblyErrors (0ms)
				InitializePlatformSupportModulesInManaged (19ms)
				SetLoadedEditorAssemblies (1ms)
				RefreshPlugins (1ms)
				BeforeProcessingInitializeOnLoad (87ms)
				ProcessInitializeOnLoadAttributes (384ms)
				ProcessInitializeOnLoadMethodAttributes (120ms)
				AfterProcessingInitializeOnLoad (11ms)
				EditorAssembliesLoaded (0ms)
			ExecutionOrderSort2 (0ms)
			AwakeInstancesAfterBackupRestoration (7ms)
Platform modules already initialized, skipping
========================================================================
Worker process is ready to serve import requests
Launched and connected shader compiler UnityShaderCompiler.exe after 0.10 seconds
Refreshing native plugins compatible for Editor in 0.97 ms, found 4 plugins.
Preloading 0 native plugins for Editor in 0.00 ms.
Unloading 2546 Unused Serialized files (Serialized files now loaded: 0)
Unloading 106 unused Assets / (33.2 KB). Loaded Objects now: 2938.
Memory consumption went from 107.3 MB to 107.3 MB.
Total: 6.437100 ms (FindLiveObjects: 0.238100 ms CreateObjectMapping: 0.162600 ms MarkObjects: 5.956300 ms  DeleteObjects: 0.079100 ms)

AssetImportParameters requested are different than current active one (requested -> active):
  custom:video-decoder-ogg-theora: a1e56fd34408186e4bbccfd4996cb3dc -> 
  custom:container-muxer-webm: aa71ff27fc2769a1b78a27578f13a17b -> 
  custom:container-demuxer-webm: 4f35f7cbe854078d1ac9338744f61a02 -> 
  custom:video-encoder-webm-vp8: eb34c28f22e8b96e1ab97ce403110664 -> 
  custom:video-codec-MediaFoundation-h265: 746d11721c4dcdbdad8f713fa42b33f4 -> 
  custom:audio-encoder-webm-vorbis: bf7c407c2cedff20999df2af8eb42d56 -> 
  custom:framework-win-MediaFoundation: 216162199b28c13a410421893ffa2e32 -> 
  custom:container-demuxer-ogg: 62fdf1f143b41e24485cea50d1cbac27 -> 
  custom:video-decoder-webm-vp8: 9c59270c3fd7afecdb556c50c9e8de78 -> 
  custom:audio-decoder-ogg-vorbis: bf7c407c2cedff20999df2af8eb42d56 -> 
========================================================================
Received Import Request.
  Time since last request: 1390727.153882 seconds.
  path: Assets/Images/Summer/Market/HelperBird/ChickenFeather.png
  artifactKey: Guid(ed8c42de789496248b4408c2813906ec) Importer(815301076,1909f56bfc062723c751e8b465ee728b)
Start importing Assets/Images/Summer/Market/HelperBird/ChickenFeather.png using Guid(ed8c42de789496248b4408c2813906ec) Importer(815301076,1909f56bfc062723c751e8b465ee728b)  -> (artifact id: '6e377d04b7c3776431cba2bdec9dc44d') in 0.304605 seconds 
========================================================================
Received Import Request.
  Time since last request: 0.000041 seconds.
  path: Assets/Images/Summer/Market/HelperBird/ChickenX_DissMapV02.png
  artifactKey: Guid(58fbc97793dc4a0459042cee3cebd9d4) Importer(815301076,1909f56bfc062723c751e8b465ee728b)
Start importing Assets/Images/Summer/Market/HelperBird/ChickenX_DissMapV02.png using Guid(58fbc97793dc4a0459042cee3cebd9d4) Importer(815301076,1909f56bfc062723c751e8b465ee728b)  -> (artifact id: 'be74b4380c0fa62e2296d6bfe2dfd782') in 0.068573 seconds 
========================================================================
Received Import Request.
  Time since last request: 0.000037 seconds.
  path: Assets/Images/Summer/Market/HelperBird/ChickenX.png
  artifactKey: Guid(6157ea191feb6d640869ea998d5b6a23) Importer(815301076,1909f56bfc062723c751e8b465ee728b)
Start importing Assets/Images/Summer/Market/HelperBird/ChickenX.png using Guid(6157ea191feb6d640869ea998d5b6a23) Importer(815301076,1909f56bfc062723c751e8b465ee728b)  -> (artifact id: '452b300ade7ba1569c27261fb38f789c') in 0.049292 seconds 
========================================================================
Received Import Request.
  Time since last request: 0.074773 seconds.
  path: Assets/Images/Summer/Park/Eggs/Egg 01, Bottom Left Dress.png
  artifactKey: Guid(6b4a24f631ada414a9a17133e526524f) Importer(815301076,1909f56bfc062723c751e8b465ee728b)
Start importing Assets/Images/Summer/Park/Eggs/Egg 01, Bottom Left Dress.png using Guid(6b4a24f631ada414a9a17133e526524f) Importer(815301076,1909f56bfc062723c751e8b465ee728b)  -> (artifact id: '2ce1714a3d1aced31724dc6b80d3fe62') in 0.051865 seconds 
========================================================================
Received Import Request.
  Time since last request: 0.000039 seconds.
  path: Assets/Images/Summer/Market/Eggs/Egg 12, Top Hashed Yellow Dress.png
  artifactKey: Guid(c1ef5bc46780f174e8118fcd8cd61910) Importer(815301076,1909f56bfc062723c751e8b465ee728b)
Start importing Assets/Images/Summer/Market/Eggs/Egg 12, Top Hashed Yellow Dress.png using Guid(c1ef5bc46780f174e8118fcd8cd61910) Importer(815301076,1909f56bfc062723c751e8b465ee728b)  -> (artifact id: 'adaffb96ef9e0fbb399b66435d06f4fb') in 0.053064 seconds 
========================================================================
Received Import Request.
  Time since last request: 0.000019 seconds.
  path: Assets/Images/Summer/Beach/Eggs/Egg 10, WalkingMom Balloon.png
  artifactKey: Guid(84aedc86617da764695413932e063979) Importer(815301076,1909f56bfc062723c751e8b465ee728b)
Start importing Assets/Images/Summer/Beach/Eggs/Egg 10, WalkingMom Balloon.png using Guid(84aedc86617da764695413932e063979) Importer(815301076,1909f56bfc062723c751e8b465ee728b)  -> (artifact id: 'a6399b49199343a2983c03119ea47e16') in 0.048030 seconds 
========================================================================
Received Import Request.
  Time since last request: 0.000019 seconds.
  path: Assets/Images/Summer/Beach/Eggs/Egg 15, BeachFlowers.png
  artifactKey: Guid(53913349273009f4eb238511ed180b55) Importer(815301076,1909f56bfc062723c751e8b465ee728b)
Start importing Assets/Images/Summer/Beach/Eggs/Egg 15, BeachFlowers.png using Guid(53913349273009f4eb238511ed180b55) Importer(815301076,1909f56bfc062723c751e8b465ee728b)  -> (artifact id: '9f7aa783c73cd4404b25eddee4df4fff') in 0.045980 seconds 
========================================================================
Received Import Request.
  Time since last request: 0.000042 seconds.
  path: Assets/Images/Summer/Park/Eggs/Egg 11, Left Man Face.png
  artifactKey: Guid(49bf63a8c48f138448bef8e6cda7395f) Importer(815301076,1909f56bfc062723c751e8b465ee728b)
Start importing Assets/Images/Summer/Park/Eggs/Egg 11, Left Man Face.png using Guid(49bf63a8c48f138448bef8e6cda7395f) Importer(815301076,1909f56bfc062723c751e8b465ee728b)  -> (artifact id: '80552c447f472a84860eec6f37c56a45') in 0.053698 seconds 
========================================================================
Received Import Request.
  Time since last request: 0.000025 seconds.
  path: Assets/Images/Summer/Park/Eggs/Egg 20, Top Right Kite.png
  artifactKey: Guid(5900cdf5f11d5c245920c6d4b41ad6b3) Importer(815301076,1909f56bfc062723c751e8b465ee728b)
Start importing Assets/Images/Summer/Park/Eggs/Egg 20, Top Right Kite.png using Guid(5900cdf5f11d5c245920c6d4b41ad6b3) Importer(815301076,1909f56bfc062723c751e8b465ee728b)  -> (artifact id: '57e7cf2d2e6f46825f189074d226be4d') in 0.031470 seconds 
========================================================================
Received Import Request.
  Time since last request: 0.000026 seconds.
  path: Assets/Images/Summer/Beach/Eggs/Egg 16, WaterReflection.png
  artifactKey: Guid(7bf98f7c5a94d7c4f88f1547887e03a9) Importer(815301076,1909f56bfc062723c751e8b465ee728b)
Start importing Assets/Images/Summer/Beach/Eggs/Egg 16, WaterReflection.png using Guid(7bf98f7c5a94d7c4f88f1547887e03a9) Importer(815301076,1909f56bfc062723c751e8b465ee728b)  -> (artifact id: '982be620a76368d89beb57a0a8bd8cc3') in 0.045291 seconds 
========================================================================
Received Import Request.
  Time since last request: 0.000047 seconds.
  path: Assets/Images/Summer/Market/Eggs/Egg 02, Front Blue Fruits.png
  artifactKey: Guid(504fe37ad83c09645998b5f29a7e01b1) Importer(815301076,1909f56bfc062723c751e8b465ee728b)
Start importing Assets/Images/Summer/Market/Eggs/Egg 02, Front Blue Fruits.png using Guid(504fe37ad83c09645998b5f29a7e01b1) Importer(815301076,1909f56bfc062723c751e8b465ee728b)  -> (artifact id: 'c6438971a55f76b31fce427f7f4dc853') in 0.037443 seconds 
========================================================================
Received Import Request.
  Time since last request: 0.000031 seconds.
  path: Assets/Images/Summer/Park/Eggs/Egg 06, Orange Shirt.png
  artifactKey: Guid(bd2e13898896a474f80d8ca7463944b5) Importer(815301076,1909f56bfc062723c751e8b465ee728b)
Start importing Assets/Images/Summer/Park/Eggs/Egg 06, Orange Shirt.png using Guid(bd2e13898896a474f80d8ca7463944b5) Importer(815301076,1909f56bfc062723c751e8b465ee728b)  -> (artifact id: 'd2d6cc1b9c01043c8bde6434671c47a9') in 0.048070 seconds 
========================================================================
Received Import Request.
  Time since last request: 0.000021 seconds.
  path: Assets/Images/Summer/Market/Eggs/Egg 18, Top Left Asparagus.png
  artifactKey: Guid(7a3ff9afa9dab7643af3f90a8c44b2fc) Importer(815301076,1909f56bfc062723c751e8b465ee728b)
Start importing Assets/Images/Summer/Market/Eggs/Egg 18, Top Left Asparagus.png using Guid(7a3ff9afa9dab7643af3f90a8c44b2fc) Importer(815301076,1909f56bfc062723c751e8b465ee728b)  -> (artifact id: '5f00dcddbc17cee8bbae97b786aeafc2') in 0.032229 seconds 
========================================================================
Received Import Request.
  Time since last request: 0.000021 seconds.
  path: Assets/Images/Summer/Market/Eggs/Egg 14, Bald Man Hair.png
  artifactKey: Guid(04fac38c53e291c49b65e9ff3bff81f2) Importer(815301076,1909f56bfc062723c751e8b465ee728b)
Start importing Assets/Images/Summer/Market/Eggs/Egg 14, Bald Man Hair.png using Guid(04fac38c53e291c49b65e9ff3bff81f2) Importer(815301076,1909f56bfc062723c751e8b465ee728b)  -> (artifact id: '50aad7ac6231306f737a51b1ee9259e9') in 0.036998 seconds 
========================================================================
Received Import Request.
  Time since last request: 0.000066 seconds.
  path: Assets/Images/Summer/Park/Eggs/Egg 24, Bottom Right Light Plants.png
  artifactKey: Guid(606f152fe1c45d54c8700566e1056926) Importer(815301076,1909f56bfc062723c751e8b465ee728b)
Start importing Assets/Images/Summer/Park/Eggs/Egg 24, Bottom Right Light Plants.png using Guid(606f152fe1c45d54c8700566e1056926) Importer(815301076,1909f56bfc062723c751e8b465ee728b)  -> (artifact id: '6a111f13756bae1625863c776af02a18') in 0.064686 seconds 
========================================================================
Received Import Request.
  Time since last request: 0.000035 seconds.
  path: Assets/Images/UI/Dropdown EggPanel/EggPanel_SilverEgg.png
  artifactKey: Guid(841502579b92e61439d60d0335ea31eb) Importer(815301076,1909f56bfc062723c751e8b465ee728b)
Start importing Assets/Images/UI/Dropdown EggPanel/EggPanel_SilverEgg.png using Guid(841502579b92e61439d60d0335ea31eb) Importer(815301076,1909f56bfc062723c751e8b465ee728b)  -> (artifact id: '5bd09ae0a018e26e68436c731c5b751b') in 0.055828 seconds 
========================================================================
Received Import Request.
  Time since last request: 0.000038 seconds.
  path: Assets/Images/Summer/Park/Eggs/Egg 04, Yellow Shirt.png
  artifactKey: Guid(a8449be048b06064f8bd56becf3b6bdc) Importer(815301076,1909f56bfc062723c751e8b465ee728b)
Start importing Assets/Images/Summer/Park/Eggs/Egg 04, Yellow Shirt.png using Guid(a8449be048b06064f8bd56becf3b6bdc) Importer(815301076,1909f56bfc062723c751e8b465ee728b)  -> (artifact id: '48e0a6b30f0f0ceb4f3f69592776a67e') in 0.044085 seconds 
========================================================================
Received Import Request.
  Time since last request: 0.000025 seconds.
  path: Assets/Images/Summer/Beach/Eggs/Egg 03, RightMost Man Hair.png
  artifactKey: Guid(1c07a99b155d94c49a8df4d0b162edd6) Importer(815301076,1909f56bfc062723c751e8b465ee728b)
Start importing Assets/Images/Summer/Beach/Eggs/Egg 03, RightMost Man Hair.png using Guid(1c07a99b155d94c49a8df4d0b162edd6) Importer(815301076,1909f56bfc062723c751e8b465ee728b)  -> (artifact id: 'f739182911424c19a759b761ef7e2e57') in 0.044447 seconds 
========================================================================
Received Import Request.
  Time since last request: 0.000026 seconds.
  path: Assets/Images/Summer/Park/Eggs/Egg 22, Kaki Shorts.png
  artifactKey: Guid(e42b903d3e826c24292b7cda99aad275) Importer(815301076,1909f56bfc062723c751e8b465ee728b)
Start importing Assets/Images/Summer/Park/Eggs/Egg 22, Kaki Shorts.png using Guid(e42b903d3e826c24292b7cda99aad275) Importer(815301076,1909f56bfc062723c751e8b465ee728b)  -> (artifact id: '44a1d362755790c46aaf3741292e2ea2') in 0.046860 seconds 
========================================================================
Received Import Request.
  Time since last request: 0.000025 seconds.
  path: Assets/Images/Summer/Park/Eggs/Egg 07, Orange Dress Woman Eye.png
  artifactKey: Guid(9e0c4556ca626bb4f82b5653f83431f7) Importer(815301076,1909f56bfc062723c751e8b465ee728b)
Start importing Assets/Images/Summer/Park/Eggs/Egg 07, Orange Dress Woman Eye.png using Guid(9e0c4556ca626bb4f82b5653f83431f7) Importer(815301076,1909f56bfc062723c751e8b465ee728b)  -> (artifact id: '1054ef654fb8b75d1f08a08a8be39fc5') in 0.041605 seconds 
========================================================================
Received Import Request.
  Time since last request: 0.000020 seconds.
  path: Assets/Images/Summer/Beach/Eggs/Egg 19, Sky Cloud.png
  artifactKey: Guid(2d036fc3e0019a24a932ed8e549e7051) Importer(815301076,1909f56bfc062723c751e8b465ee728b)
Start importing Assets/Images/Summer/Beach/Eggs/Egg 19, Sky Cloud.png using Guid(2d036fc3e0019a24a932ed8e549e7051) Importer(815301076,1909f56bfc062723c751e8b465ee728b)  -> (artifact id: '69fc0774aab330545d46fd5a838b5ddc') in 0.042047 seconds 
========================================================================
Received Import Request.
  Time since last request: 0.000025 seconds.
  path: Assets/Images/UI/Dropdown EggPanel/EggPanel_Mockup.png
  artifactKey: Guid(6dfe8aac3353fdd4b82ece7ab46a2b92) Importer(815301076,1909f56bfc062723c751e8b465ee728b)
Start importing Assets/Images/UI/Dropdown EggPanel/EggPanel_Mockup.png using Guid(6dfe8aac3353fdd4b82ece7ab46a2b92) Importer(815301076,1909f56bfc062723c751e8b465ee728b)  -> (artifact id: '6bf2d32513b3b872291cd7340b123914') in 0.083902 seconds 
========================================================================
Received Import Request.
  Time since last request: 0.000039 seconds.
  path: Assets/Images/Summer/Market/Eggs/Egg 07, Walking Woman Hair Bun.png
  artifactKey: Guid(0e5069c5b0aea444e974a9f6a4e8af33) Importer(815301076,1909f56bfc062723c751e8b465ee728b)
Start importing Assets/Images/Summer/Market/Eggs/Egg 07, Walking Woman Hair Bun.png using Guid(0e5069c5b0aea444e974a9f6a4e8af33) Importer(815301076,1909f56bfc062723c751e8b465ee728b)  -> (artifact id: '87eb61debe95bfdad4545232ee5c7d2a') in 0.038652 seconds 
========================================================================
Received Import Request.
  Time since last request: 0.000023 seconds.
  path: Assets/Images/Summer/Market/Eggs/Egg 13, Top Left Greens.png
  artifactKey: Guid(ae00e1ef6ce093746a9d99b0d68a74e2) Importer(815301076,1909f56bfc062723c751e8b465ee728b)
Start importing Assets/Images/Summer/Market/Eggs/Egg 13, Top Left Greens.png using Guid(ae00e1ef6ce093746a9d99b0d68a74e2) Importer(815301076,1909f56bfc062723c751e8b465ee728b)  -> (artifact id: 'a45fa421baef99a34de966ed4c77591c') in 0.040852 seconds 
========================================================================
Received Import Request.
  Time since last request: 0.000027 seconds.
  path: Assets/Images/Summer/Market/Eggs/Egg 11, Right Woman Green Dress.png
  artifactKey: Guid(9d66e512a80c5ff4384f715c8fee78da) Importer(815301076,1909f56bfc062723c751e8b465ee728b)
Start importing Assets/Images/Summer/Market/Eggs/Egg 11, Right Woman Green Dress.png using Guid(9d66e512a80c5ff4384f715c8fee78da) Importer(815301076,1909f56bfc062723c751e8b465ee728b)  -> (artifact id: '22317c1493a72d854b31370a863e1d9b') in 0.031064 seconds 
Editor requested this worker to shutdown with reason: Scaling down because of idle timeout
AssetImportWorker is now disconnected from the server
Process exiting
Exiting without the bug reporter. Application will terminate with return code 0